<?xml version="1.0" encoding="UTF-8"?>
<testsuite name="com.koligrum.test.UsersTesting" tests="1" skipped="0" failures="0" errors="0" timestamp="2021-09-18T06:16:00" hostname="LAPTOP-U166R79V" time="2.075">
  <properties/>
  <testcase name="tugasKoligrum()" classname="com.koligrum.test.UsersTesting" time="2.075"/>
  <system-out><![CDATA[Request method:	POST
Request URI:	http://localhost:1234/v1/users
Proxy:			<none>
Request params:	<none>
Query params:	<none>
Form params:	<none>
Path params:	<none>
Headers:		accept=application/json
				Content-Type=application/json; charset=UTF-8
Cookies:		<none>
Multiparts:		<none>
Body:
{
    "firstName": "muhammad",
    "lastName": "wildan",
    "age": 24,
    "occupation": "Kurir",
    "nationality": "Indonesia",
    "hobbies": [
        "Futsal"
    ],
    "gender": "MALE"
}
{
    "id": "960d4481-91e5-4c63-a47a-5a89c4748e17",
    "firstName": "muhammad",
    "lastName": "wildan",
    "age": 24,
    "occupation": "Kurir",
    "nationality": "Indonesia",
    "hobbies": [
        "Futsal"
    ],
    "gender": "MALE",
    "createdDate": "2021-09-18T13:16:01.5879108",
    "updatedDate": null
}
Request method:	GET
Request URI:	http://localhost:1234/v1/users/960d4481-91e5-4c63-a47a-5a89c4748e17
Proxy:			<none>
Request params:	<none>
Query params:	<none>
Form params:	<none>
Path params:	id=960d4481-91e5-4c63-a47a-5a89c4748e17
Headers:		accept=application/json
Cookies:		<none>
Multiparts:		<none>
Body:			<none>
{
    "id": "960d4481-91e5-4c63-a47a-5a89c4748e17",
    "firstName": "muhammad",
    "lastName": "wildan",
    "age": 24,
    "occupation": "Kurir",
    "nationality": "Indonesia",
    "hobbies": [
        "Futsal"
    ],
    "gender": "MALE",
    "createdDate": "2021-09-18T13:16:01.5879108",
    "updatedDate": null
}
Request method:	PUT
Request URI:	http://localhost:1234/v1/users
Proxy:			<none>
Request params:	<none>
Query params:	<none>
Form params:	<none>
Path params:	<none>
Headers:		accept=application/json
				Content-Type=application/json; charset=UTF-8
Cookies:		<none>
Multiparts:		<none>
Body:
{
    "id": "960d4481-91e5-4c63-a47a-5a89c4748e17",
    "firstName": "muhammad edit",
    "lastName": "wildan edit",
    "age": 24,
    "occupation": "Kurir",
    "nationality": "Indonesia",
    "hobbies": [
        "Futsal"
    ],
    "gender": "MALE"
}
{
    "id": "960d4481-91e5-4c63-a47a-5a89c4748e17",
    "firstName": "muhammad edit",
    "lastName": "wildan edit",
    "age": 24,
    "occupation": "Kurir",
    "nationality": "Indonesia",
    "hobbies": [
        "Futsal"
    ],
    "gender": "MALE",
    "createdDate": "2021-09-18T13:16:01.5879108",
    "updatedDate": "2021-09-18T13:16:02.2371758"
}
Request method:	GET
Request URI:	http://localhost:1234/v1/users/960d4481-91e5-4c63-a47a-5a89c4748e17
Proxy:			<none>
Request params:	<none>
Query params:	<none>
Form params:	<none>
Path params:	id=960d4481-91e5-4c63-a47a-5a89c4748e17
Headers:		accept=application/json
Cookies:		<none>
Multiparts:		<none>
Body:			<none>
{
    "id": "960d4481-91e5-4c63-a47a-5a89c4748e17",
    "firstName": "muhammad edit",
    "lastName": "wildan edit",
    "age": 24,
    "occupation": "Kurir",
    "nationality": "Indonesia",
    "hobbies": [
        "Futsal"
    ],
    "gender": "MALE",
    "createdDate": "2021-09-18T13:16:01.5879108",
    "updatedDate": "2021-09-18T13:16:02.2371758"
}
Request method:	DELETE
Request URI:	http://localhost:1234/v1/users/960d4481-91e5-4c63-a47a-5a89c4748e17
Proxy:			<none>
Request params:	<none>
Query params:	<none>
Form params:	<none>
Path params:	id=960d4481-91e5-4c63-a47a-5a89c4748e17
Headers:		accept=application/json
Cookies:		<none>
Multiparts:		<none>
Body:			<none>

Request method:	GET
Request URI:	http://localhost:1234/v1/users/960d4481-91e5-4c63-a47a-5a89c4748e17
Proxy:			<none>
Request params:	<none>
Query params:	<none>
Form params:	<none>
Path params:	id=960d4481-91e5-4c63-a47a-5a89c4748e17
Headers:		accept=application/json
Cookies:		<none>
Multiparts:		<none>
Body:			<none>
{
    "errorCode": "ER-01",
    "statusCode": 404,
    "message": "user not found",
    "timestamp": "2021-09-18T13:16:02.3289303"
}
]]></system-out>
  <system-err><![CDATA[]]></system-err>
</testsuite>
